<?xml version="1.0" encoding="UTF-8"?>
<!-- Generated by org.testng.reporters.JUnitReportReporter -->
<testsuite hostname="LAPTOP-LGBON0P7" failures="0" tests="2" name="TestWithTrello.TestSignIn" time="4.702" errors="0" timestamp="2022-10-01T12:31:07 IDT" skipped="0">
  <testcase classname="TestWithTrello.TestSignIn" name="testEnterEmail" time="1.566"/>
  <system-out/>
  <testcase classname="TestWithTrello.TestSignIn" name="testEnterPassword" time="3.136"/>
  <system-out/>
</testsuite> <!-- TestWithTrello.TestSignIn -->
