<?xml version="1.0" encoding="UTF-8"?>
<!-- Generated by org.testng.reporters.JUnitReportReporter -->
<testsuite hostname="LAPTOP-LGBON0P7" failures="0" tests="1" name="TestSingIn" time="8.634" errors="0" timestamp="2022-10-01T12:04:43 IDT" skipped="0">
  <testcase classname="TestSingIn" name="testSingIn" time="8.634"/>
  <system-out/>
</testsuite> <!-- TestSingIn -->
