<?xml version="1.0" encoding="UTF-8"?>
<!-- Generated by org.testng.reporters.JUnitReportReporter -->
<testsuite hostname="LAPTOP-LGBON0P7" failures="0" tests="2" name="TestAddressPage" time="11.644" errors="0" timestamp="2022-10-01T12:04:43 IDT" skipped="0">
  <testcase classname="TestAddressPage" name="testClickAddressLink" time="2.080"/>
  <system-out/>
  <testcase classname="TestAddressPage" name="testSingIn" time="9.564"/>
  <system-out/>
</testsuite> <!-- TestAddressPage -->
