<?xml version="1.0" encoding="UTF-8"?>
<!-- Generated by org.testng.reporters.JUnitReportReporter -->
<testsuite hostname="LAPTOP-LGBON0P7" failures="0" tests="2" name="TestWithTrello.TestSignIn" time="4.851" errors="0" timestamp="2022-10-01T12:04:43 IDT" skipped="0">
  <testcase classname="TestWithTrello.TestSignIn" name="testEnterEmail" time="1.754"/>
  <system-out/>
  <testcase classname="TestWithTrello.TestSignIn" name="testEnterPassword" time="3.097"/>
  <system-out/>
</testsuite> <!-- TestWithTrello.TestSignIn -->
